0
0
3138
1
0
9357
542
4
542
3
4
9357
9357
0
542
9357
1
4
6
3
0
9357
5
9357
4
3
8
6
3
7
0
1
5
5
2
0
362
9790
9790
5
9790
2
4
3
5
362
9790
4
4
8
6
9790
0
8
3
3
7
2
5
7
362
0
362
8
5
3
2
0
7
0
3
6
9790
8
8
2
9790
0
4
9790
0
0
6
0
8
9963
362
0
5
9963
9963
8
7
7
7
9963
9
5
9
7
4
8
9963
0
9
41
8
41
9963
4
0
8
7
8
2
9
0
7
5
5
0
0
6
3
7
0
0
9
5
9
5
6
9
9963
9963
8
8
9963
6
11
8
0
41
41
41
0
9963
0
8
9963
9
7
5
0
7
9
6
5
5
8
10
7
0
6
9963
5
0
11
9963
10
9963
41
0
0
14
6
9963
0
10
11
6
7
0
6
41
8
8
41
0
41
11
9
0
8
8
41
9
41
0
6
0
7
10
7
8
9963
4
0
10
8
7
9
8
41
41
9
8
41
2
9963
6
31
31
6
8
9
9963
0
5
31
8
0
31
8
0
0
4
9963
9963
7
5
10
9
0
7
4
8
31
9963
9
12
0
8
9
8
9
9
10
10
6
9963
31
10
7
0
9963
7
3
31
31
14
12
9
13
13
10
0
9963
31
9
3
9963
7
10
13
31
0
9963
11
3
4
9
14
9
9963
9963
0
11
31
10
9
0
10
31
9
10
7
6
7
0
11
5
12
7
9
7
31
10
12
9969
9969
6
7
11
14
0
10
31
9
0
9
9
9969
10
5
0
10
31
8
7
0
7
10
0
10
10
10
31
31
9969
7
0
9
10
11
9969
0
11
13
8
31
10
9969
0
9
31
9
9969
31
31
8
12
8
6
31
12
7
31
0
9969
12
10
0
1
9969
9
13
11
10
12
31
9
31
11
31
31
9969
7
3
7
9969
0
4
0
31
8
11
0
7
10
8
9969
10
7
7
9
31
11
6
8
10
6
4
31
9969
9969
9
0
7
12
10
5
11
10
31
0
9
31
8
7
31
7
31
9969
8
5
11
0
9969
31
5
31
13
31
31
7
10
9969
0
8
11
9969
0
9
4
0
31
9
0
9969
8
5
9
9969
31
0
9969
31
31
0
31
12
8
9969
0
11
31
7
7
10
11
7
0
31
5
13
31
9969
11
9969
8
7
31
0
31
0
31
9969
14
9969
5
11
9969
8
9969
5
0
9969
0
13
9969
9
31
9969
31
14
13
0
9
8
8
31
0
0
10
6
7
0
31
11
15
11
0
9969
12
9
31
11
10
31
8
31
0
8
11
9
0
10
31
31
31
14
9
8
11
13
31
15
0
9969
9969
11
15
0
0
12
0
12
31
0
5
14
10
8
7
9
11
9969
6
10
11
11
14
9
0
0
9969
11
0
15
7
13
15
9
8
6
9969
31
0
9969
0
8
31
8
16
3
12
11
11
13
11
0
9969
11
9969
0
31
9969
9969
9
12
0
11
13
12
9
10
31
10
6
8
7
10
12
9969
13
8
10
13
31
11
0
6
8
31
9969
11
9969
10
2
9969
8
0
0
6
12
7
5
9969
31
13
31
9969
31
9969
0
0
9
31
0
7
11
11
9969
7
11
9969
9969
0
9969
0
13
0
3
9969
9969
0
16
9969
10
31
12
11
8
9969
9
13
12
8
15
12
8
8
7
9969
4
31
11
9969
9969
31
31
0
12
15
31
9969
10
9969
13
12
31
12
10
9969
9969
2
31
9
11
0
31
9969
13
9969
0
13
9969
14
15
7
8
12
0
11
12
13
6
12
5
0
9
8
0
9
8
11
10
14
11
9969
0
9969
9
12
15
0
0
31
6
