0
0
0
0
1
2
122
2
4
4
2
0
939
3
122
0
939
4
4
4
5
5
6
0
117
4
993
3
2
4
5
5
2
3
1
5
0
5
0
3
3
5
6
0
38
0
5
2
993
38
4
0
6
7
4
2
38
4
38
38
7
6
993
3
3
993
993
0
5
1
3
7
0
7
5
5
0
993
2
38
9
4
9
4
38
4
8
0
9
38
5
5
993
38
6
5
0
0
38
8
993
38
993
38
38
11
993
6
6
993
0
6
9
0
38
2
11
0
7
5
993
38
993
10
7
4
8
38
3
11
9
993
0
7
7
0
7
0
993
6
993
8
9
6
9
1
38
993
10
993
3
38
993
993
0
993
7
9
993
0
28
28
7
4
6
7
28
0
3
9
0
28
7
993
993
993
7
4
0
7
6
0
10
7
28
9
993
4
8
10
9
0
0
993
7
8
8
11
6
28
0
993
6
10
7
993
28
5
9
993
28
5
0
993
0
7
3
993
993
28
6
28
993
993
11
9
5
12
0
7
5
0
11
7
993
0
7
993
993
14
993
7
0
13
5
8
0
993
8
12
993
9
993
9
9
4
5
9
0
0
3
993
9
7
11
9
9
10
993
7
9
10
993
7
0
993
993
993
12
9
0
0
995
5
8
995
995
11
6
7
9
13
6
0
8
0
995
9
0
9
9
995
995
9
14
6
9
12
9
9
7
11
8
0
13
7
5
995
9
9
7
9
995
9
9
13
9
5
995
995
6
0
11
0
995
995
3
995
0
7
9
995
5
10
11
7
6
995
9
995
10
9
4
7
6
11
9
11
0
4
9
8
12
0
10
5
0
12
8
5
8
995
7
11
8
9
995
5
3
10
8
0
8
995
12
9
9
0
9
9
0
9
14
9
7
5
0
11
8
2
10
10
7
9
9
9
0
9
8
7
9
12
995
9
9
6
9
9
995
995
11
0
4
9
8
9
8
9
11
10
7
9
12
13
5
12
3
12
10
6
9
10
2
7
3
14
0
10
12
9
12
9
6
8
5
13
12
8
0
13
8
11
12
3
0
6
9
995
10
11
0
3
12
7
10
995
995
15
3
995
3
9
8
11
14
10
14
995
8
10
8
8
10
9
7
995
9
9
10
995
995
11
7
3
0
995
10
8
4
13
3
9
6
6
4
0
9
995
12
0
0
3
995
11
5
8
5
6
15
0
11
0
0
995
8
8
10
14
9
11
995
14
3
995
7
3
11
10
13
15
8
8
13
5
11
995
10
3
3
995
7
10
13
5
5
8
3
8
9
9
3
9
995
0
0
8
11
3
10
9
15
9
13
12
3
0
9
5
995
8
3
0
7
995
995
8
12
8
995
3
3
8
10
9
995
995
6
995
0
9
13
3
13
14
3
6
1
8
0
9
10
11
4
995
995
8
14
5
11
995
11
11
3
13
11
6
0
18
0
995
7
995
8
14
3
8
15
995
995
10
8
6
3
12
13
8
10
995
0
3
3
16
11
10
10
14
8
7
0
9
10
9
15
6
3
0
0
12
3
3
0
14
3
12
8
0
995
11
8
7
5
0
11
4
15
995
6
13
7
0
8
7
11
12
12
995
11
7
12
10
14
3
9
9
9
11
11
8
3
14
13
10
3
12
7
9
15
7
16
995
6
10
3
14
9
995
0
6
3
995
12
10
7
6
11
995
14
7
995
8
8
8
995
9
15
2
12
8
13
2
7
995
995
11
12
14
995
13
5
2
3
995
15
11
12
10
7
2
2
8
16
9
11
13
9
2
10
16
10
11
9
9
2
995
10
995
0
2
2
12
7
8
14
13
0
2
2
2
12
995
2
2
13
10
18
8
999
8
2
11
15
999
15
15
13
0
17
15
2
11
9
11
2
17
12
14
10
8
999
0
12
11
0
2
9
10
2
15
5
6
7
10
10
6
2
10
7
14
16
6
999
8
999
12
13
999
15
5
9
14
15
3
999
1
2
15
2
15
2
15
2
9
17
17
0
10
10
9
9
6
999
999
14
13
6
12
999
10
12
14
6
12
8
2
2
8
11
2
12
0
6
9
10
13
11
999
2
14
2
10
10
8
14
10
11
9
2
11
9
2
0
13
7
2
10
10
2
2
12
2
2
11
9
11
10
10
12
5
999
8
999
999
14
8
15
0
8
9
7
18
2
0
2
999
10
10
12
7
9
11
2
9
0
5
17
6
2
8
8
13
0
12
9
1000
14
10
13
1000
2
9
6
10
17
1000
12
0
12
0
1000
14
0
11
2
11
12
14
1000
13
14
11
10
10
0
9
10
7
2
13
7
1000
12
11
2
12
0
1000
16
15
12
16
11
1000
4
0
7
1000
6
8
10
14
8
12
7
14
