78
953
0
0
3
2
78
2
6
995
4
6
78
3
1
7
2
3
0
995
995
6
4
4
3
995
2
10
995
6
0
8
2
2
995
9
6
5
8
11
0
0
78
8
995
4
5
11
10
11
995
5
9
3
995
59
0
8
11
12
7
0
0
13
11
7
12
7
0
29
0
995
29
7
995
29
995
11
4
12
6
9
14
0
14
3
995
0
5
0
8
0
11
995
14
10
2
0
9
995
995
995
5
22
9
0
0
22
7
11
3
995
14
995
22
22
995
13
9
995
22
995
995
0
5
22
995
22
13
22
0
8
4
0
22
0
5
11
995
3
11
0
3
0
11
995
11
8
0
11
0
15
13
10
5
8
13
11
22
9
995
995
7
22
995
22
995
11
8
13
22
10
995
8
995
22
10
0
11
995
995
12
22
22
12
995
8
22
12
0
22
12
22
0
8
5
22
0
9
5
11
9
14
15
0
0
5
995
22
0
15
11
11
0
9
8
0
15
6
11
22
995
12
8
10
13
13
995
8
19
22
3
22
12
5
5
5
15
13
9
22
995
15
13
11
14
998
8
10
10
5
4
22
998
19
8
15
998
12
15
8
0
5
11
11
14
12
4
11
8
1
0
2
12
6
0
21
0
998
11
11
5
5
13
998
10
11
17
14
11
10
11
12
11
12
13
5
7
11
10
10
10
20
10
19
11
13
13
3
18
0
11
17
13
11
21
998
20
12
1
6
0
998
12
15
9
17
14
3
6
8
17
13
13
998
5
8
15
0
11
998
10
13
998
11
998
10
0
15
1
11
1
7
11
20
998
1
15
998
10
998
998
1
0
998
15
15
9
1
13
3
14
16
998
5
3
15
1
1
0
12
13
14
4
13
0
15
998
0
998
0
5
0
11
9
12
0
1
1
1
1
0
4
14
998
998
12
1
15
5
0
8
16
6
998
0
998
12
20
16
12
16
14
1
1
2
15
5
12
16
16
0
20
12
8
13
6
998
0
9
1
0
3
13
11
15
8
18
1
13
14
9
15
6
998
14
21
998
16
1
12
998
10
10
4
6
998
1
14
9
998
998
16
7
1
998
10
6
11
1
1
8
998
16
0
0
998
998
998
11
5
3
10
11
1
9
20
1
7
998
10
14
19
17
11
1
13
8
1
11
18
1
7
1
20
13
0
0
998
1
12
4
20
1
1
13
15
0
15
15
9
7
13
7
5
998
16
1
998
0
7
1
16
10
9
0
9
12
12
1
7
12
1
21
1
13
0
1
0
9
1
11
1
998
13
6
4
998
5
10
17
998
10
18
1
1
0
10
19
9
0
998
11
17
1
998
0
11
12
10
18
11
18
7
998
1
13
15
0
18
0
1
0
0
1
0
998
1
11
19
998
998
0
9
1
4
998
10
15
9
0
9
1
10
5
1
4
17
998
13
3
16
10
1
1
998
18
1
14
7
9
15
1
1
0
12
10
998
12
998
998
12
0
13
16
6
21
7
998
5
10
11
6
998
13
1
6
998
16
14
1
15
4
1
8
11
0
12
998
7
0
15
13
1
1
1
0
998
998
11
998
14
998
10
0
0
1
998
998
998
998
12
8
18
13
14
20
9
17
14
998
17
8
998
1
9
8
11
18
13
1
14
14
7
1
998
998
1
8
17
998
6
14
16
7
998
20
13
12
11
13
998
15
14
13
20
19
0
4
0
1
0
10
998
998
12
998
11
6
14
11
10
998
1
16
11
1
1
8
0
17
12
0
1
0
11
2
998
18
17
11
11
11
1
18
1
17
15
21
999
13
1
10
7
16
15
1
14
8
11
15
0
999
5
11
1
999
16
1
999
999
13
13
0
1
0
10
17
14
1
10
16
15
1
18
12
999
19
1
15
7
11
11
18
13
17
9
10
1
999
13
19
15
5
1
999
21
1
999
12
14
12
16
16
9
999
1
16
1
13
1
1
999
999
999
9
999
12
999
12
15
17
14
15
4
1
1
14
15
999
17
1
1
999
1
10
7
9
13
17
999
999
16
1
0
6
13
0
11
12
0
1
1
1
7
12
999
1
18
17
999
14
999
999
16
12
1
10
22
17
1
1
16
9
13
13
14
999
999
999
11
10
19
23
999
1
0
12
999
14
0
12
14
999
7
1
999
16
10
17
999
1
1
16
7
1
999
1
15
999
7
0
17
0
0
11
7
1
0
16
15
6
12
999
999
999
8
1
1
15
999
9
999
17
19
1
999
16
13
11
18
15
15
999
999
20
15
999
999
0
0
1
1
0
9
17
0
2
6
17
20
13
999
10
10
16
999
0
17
24
12
1
16
18
6
15
999
24
14
22
1000
22
10
0
11
16
1
1
11
9
11
5
17
16
17
1
1000
16
1
1000
11
8
13
9
15
17
14
6
11
1000
9
19
11
13
8
1
12
17
13
1
1000
9
1
17
17
13
13
14
1
1000
13
16
1
1000
16
1000
9
0
20
13
1
1
1000
17
14
1
18
1000
5
1000
17
13
14
1
19
1
18
15
1000
18
11
21
1000
17
11
17
8
1
9
1
19
7
1000
23
19
1000
1000
10
1000
24
16
1000
10
14
13
1000
13
6
14
1000
1000
13
16
20
13
9
18
1000
1000
16
18
1000
23
1
13
1000
17
13
17
1
12
23
13
1
15
21
16
16
11
12
1000
12
1
12
13
1000
16
13
11
10
20
0
1000
1
11
16
12
1
1000
12
1000
15
1000
6
1000
10
1
11
13
1
1
19
1000
1
9
22
8
16
1
1000
14
10
8
13
1000
11
1
9
14
16
1
17
17
17
12
1
15
12
18
10
7
1000
1000
14
8
17
16
1
18
17
6
7
14
17
11
8
9
16
14
1000
13
16
10
8
1
17
22
21
13
14
16
20
12
12
7
9
9
9
1000
13
8
13
20
5
15
19
1
10
10
17
18
7
14
13
17
8
1
17
13
1000
8
18
1
20
12
16
16
13
18
1000
1
1000
16
11
1000
14
4
5
16
18
12
6
17
15
11
4
11
1
14
1000
14
1
1
4
13
14
7
10
6
15
7
7
13
1
1
13
1000
14
8
10
13
1000
9
19
17
0
1
1
13
1000
16
1000
20
1
8
1000
1
1000
10
0
1000
12
1
1
1000
1
1
26
19
7
1000
10
16
9
10
8
12
1000
1000
1
14
13
11
1000
16
18
7
12
5
8
10
13
13
1
7
1000
1000
1000
13
1000
23
1000
14
3
19
1000
1000
19
1000
1
13
10
18
1
12
2
24
13
1
17
14
15
19
9
8
10
1000
3
15
18
19
15
13
1000
10
14
14
15
18
1
15
14
1
8
14
16
8
1000
1
20
7
16
19
13
1000
1000
11
17
21
12
7
1
15
14
9
16
14
12
19
1
1000
9
0
1
1
1000
1
16
1
14
19
7
7
6
4
14
16
1
17
5
19
1000
1000
1
13
11
10
5
11
1
13
10
1
1000
1
17
13
8
17
1000
12
9
1000
5
1
14
1
1000
1000
17
6
9
14
1
19
1000
15
1000
13
18
1
9
20
17
12
1
1
20
1
11
1000
14
9
14
1000
1
16
12
14
16
12
14
21
1000
19
11
1
10
17
3
15
18
10
1000
7
1
15
19
14
11
11
8
1
13
15
1000
12
1
13
1
20
11
1
16
13
10
17
14
14
9
1000
19
16
15
15
13
9
14
1000
14
13
15
10
1
1000
16
6
1
1
22
1000
1
1000
21
13
18
1000
4
10
1000
5
1000
9
18
8
1
1000
11
10
10
18
15
17
16
1
7
1
18
8
12
