invalid
not possible
invalid
upofzoyfzk
bcajnsxdlc
invalid
cdfskxdnsl
invalid
invalid
viupixcksp
invalid
viupixcksp
invalid
invalid
cpabdeuhjp
dcophqejby
not possible
vpzdwiisoq
vpzdwiisoq
suzhqjpuix
invalid
invalid
invalid
gamjlldcnz
invalid
invalid
invalid
gvpyispaut
dccrdrtcvx
invalid
not possible
not possible
invalid
iefvlswaal
not possible
invalid
not possible
invalid
invalid
invalid
whhndjiasf
invalid
invalid
invalid
invalid
muqmyceqpx
hraplgsvqs
not possible
invalid
gzozhyoctb
islqmighdu
iyurnobmax
invalid
not possible
ysirhpxbmv
hkcsewjedt
jbahhcfwpi
invalid
kkmaqxeoxu
invalid
not possible
invalid
not possible
not possible
ndyszfbojl
not possible
not possible
invalid
invalid
rwaudqlcrr
pnqjcsdxxq
invalid
qwsjcrisdt
lqziupfqjb
suzhqjpuix
dlgbvgkunl
not possible
jbahhcfwpi
tjoamdlxso
invalid
viupixcksp
invalid
