invalid
not possible
invalid
invalid
invalid
not possible
etynnmssbk
invalid
invalid
afaabqcmgb
rsjzxggjnf
afgxzbebla
invalid
gjtwbjzudw
invalid
invalid
invalid
invalid
hhptscroed
invalid
invalid
anvdnzmchf
ingapugqrt
not possible
not possible
erfmdmfywm
biqixlfwyg
hhptscroed
cajuvzlgdr
invalid
invalid
invalid
invalid
wldsrnshmd
givtzkbscp
invalid
invalid
prwofyvknf
bghaetplaw
invalid
invalid
prwofyvknf
mlcstniyeu
invalid
bmaiywckfs
bxonbumvmb
dnlxqstvbz
not possible
invalid
invalid
egvndzofrd
invalid
ilgiuvlubh
invalid
prwofyvknf
invalid
invalid
invalid
invalid
invalid
gpxmjdybip
ingapugqrt
zzltouktdn
not possible
dokkqrxcio
invalid
not possible
invalid
sdyythptuy
not possible
hurbohvcba
invalid
invalid
invalid
invalid
lgbyrssock
etynnmssbk
invalid
invalid
