alrplbuujn
invalid
fheeplxurf
invalid
not possible
invalid
invalid
invalid
vburkatfxo
axgdozclnt
invalid
invalid
bdxzmwesaw
invalid
invalid
invalid
invalid
invalid
not possible
not possible
ubejxxpamh
ewnusmurgd
invalid
invalid
not possible
ewnusmurgd
aoxfmlusfn
invalid
erhurqyehp
invalid
invalid
invalid
vuhwhgeqwh
not possible
invalid
invalid
okywfuruvt
invalid
invalid
invalid
sayezvxeme
okywfuruvt
bqnccopzrv
invalid
ewnusmurgd
cyufzfvnne
ssrwzzogcm
invalid
invalid
ssrwzzogcm
dnmaljbble
ddsoovvwwx
invalid
invalid
invalid
invalid
ngkcuyaxba
invalid
invalid
dmclyczjqm
cbpkoymxbv
invalid
frxmcreglv
awslzwbwuz
fvjvxikynl
invalid
invalid
not possible
invalid
not possible
sbkszstugz
invalid
gysgrzgfsf
not possible
not possible
sbkszstugz
