twtbuypalz
invalid
invalid
invalid
auhbrszycu
blkcmxayhw
invalid
not possible
invalid
invalid
invalid
invalid
bulcsugkuh
sqqnkvbcka
aswmmimzki
invalid
invalid
avnfckavjy
avnfckavjy
aunsahbibd
invalid
invalid
njqumioumo
czybiytiyo
invalid
mxksxxymkd
bljeoycjkg
mwpgfafibh
not possible
not possible
sqqnkvbcka
sqqnkvbcka
ccqmrzyhds
njqumioumo
invalid
yawpspgclx
pydycaaydo
cqooozicni
cqooozicni
invalid
cqooozicni
glqjljfcrg
ksrpqbbmyl
rgmboysmtb
ttwlsupoli
invalid
jkrkiumbqh
zkobjdbwvm
bvbidejusv
egsvtcmfko
not possible
not possible
invalid
not possible
furtyopryx
invalid
kqmcyteujq
irdxnffqik
invalid
svcvcmwlsn
invalid
ksrpqbbmyl
not possible
caycpumcdi
invalid
not possible
ttwlsupoli
fifiumukak
doexhypvkl
invalid
xwcwxcfvak
dzqbosoqii
invalid
invalid
not possible
cgeagltxbe
pktaperuwb
ksrpqbbmyl
invalid
invalid
not possible
erltdcwkku
