acopuidktg
dqzotqxkdt
axksuwwpan
not possible
aejklpqsoo
not possible
qranhnpooa
aexiybjfhg
invalid
not possible
invalid
invalid
invalid
eahlnnryai
blzhhvyrbv
nhiqwrkndr
bbssbxuaat
eqrqgifgfg
rfquvsusvq
rfquvsusvq
invalid
vpqvfbaoux
rfquvsusvq
invalid
axrgchitud
invalid
invalid
invalid
invalid
batbxmqegl
cdkuvrleuv
invalid
invalid
invalid
invalid
not possible
rfquvsusvq
invalid
invalid
invalid
not possible
dadasndwrw
cmldtowwkl
not possible
invalid
invalid
difzqvyquq
njgoawukcq
invalid
suxhmbnzxx
invalid
invalid
woequzgomx
dolcmmfesl
plovesnzrj
vdrlnbxmmm
invalid
not possible
invalid
tulerrqfph
nasrjkeivk
dqzotqxkdt
not possible
cdhhmnprmb
invalid
not possible
efvwcbqzja
not possible
miqjihkedj
eqnsgmqgrv
hbwjiigkxh
invalid
hlyzykbrjp
hvlbfbeybh
not possible
invalid
invalid
yxouadszpt
not possible
