0
1797
0
3
1
3
2
3
4
1
4
3
148
1874
5
148
148
1874
1
6
0
1874
5
1874
1874
7
1874
2
148
7
7
6
148
7
1874
0
1874
148
6
6
5
148
5
6
148
1874
4
148
0
0
7
148
148
0
7
8
9
8
6
5
1874
10
4
6
148
7
8
148
1
1874
0
7
1874
148
1874
5
2
2
7
8
1874
122
122
0
6
10
6
6
5
122
1874
6
0
3
0
0
8
6
1
6
4
0
0
6
6
8
0
6
122
5
0
1928
7
122
11
0
4
1928
8
3
6
5
4
34
1928
3
34
0
1928
10
6
1928
10
1
34
4
1928
7
4
0
9
34
0
3
5
34
0
8
4
1928
1928
1928
8
1928
34
0
34
34
13
0
0
34
6
0
2
11
9
12
12
13
9
0
1928
1928
12
6
10
11
8
10
6
11
10
7
5
1928
11
6
1928
11
0
9
3
0
8
12
9
8
5
9
1992
9
11
1992
6
8
1992
0
11
0
0
2
0
10
0
0
6
1992
11
0
9
7
1992
8
6
0
7
1992
0
4
6
9
7
1992
1992
11
11
0
2
1992
0
10
7
10
1992
11
5
5
11
1992
11
11
0
9
0
0
0
0
11
11
5
11
11
5
0
8
8
11
1992
8
12
7
0
9
1992
7
0
7
11
11
3
1992
10
1992
11
0
7
8
1992
1992
11
9
4
11
8
8
3
1992
6
9
11
6
8
0
8
0
7
8
1992
4
0
7
9
9
3
10
12
10
11
13
1992
9
14
10
8
0
7
1992
11
5
11
9
8
11
8
11
7
7
1992
9
1992
6
4
1992
12
10
1992
8
0
0
1992
0
9
5
7
5
9
9
3
6
5
0
0
10
10
1992
6
0
7
6
10
13
8
8
11
8
7
11
0
11
2
11
12
1992
11
12
11
9
6
12
14
11
9
2
5
3
7
11
10
6
14
7
8
7
5
9
11
11
8
0
9
11
11
13
1993
10
5
0
0
0
1993
11
1993
12
0
8
12
11
12
11
6
13
11
1993
0
0
12
10
13
11
10
10
11
6
13
11
12
6
8
4
6
9
13
13
0
3
3
1993
4
4
12
12
11
11
0
1993
1993
11
7
0
10
1993
4
12
11
6
9
4
7
8
6
1993
1993
9
14
0
7
15
1993
4
4
11
0
7
4
1
7
10
8
4
11
8
9
1993
0
4
4
9
1993
9
4
0
15
11
14
6
9
6
1993
6
4
1993
0
8
4
5
7
5
10
10
11
15
10
1993
7
15
10
11
4
14
11
1993
4
4
9
1993
14
8
0
9
8
0
7
0
0
4
7
10
8
10
6
11
11
12
1993
0
14
1993
15
6
4
4
1993
8
9
9
14
9
15
10
13
15
4
10
4
10
10
4
10
4
10
13
4
11
8
8
8
0
11
0
0
11
5
1993
14
1993
11
10
4
7
7
1993
8
9
4
8
8
7
13
14
6
0
9
0
4
5
14
0
12
4
11
4
13
10
1993
1993
0
11
9
5
1993
12
8
1993
7
11
10
8
7
0
1993
13
4
4
10
1993
4
10
11
4
7
9
9
9
13
4
4
12
0
15
1993
9
7
5
1993
4
11
7
6
11
14
10
4
0
1993
13
4
8
17
4
10
7
1993
9
12
8
12
8
9
12
6
15
12
0
1997
9
12
8
1997
0
12
11
16
9
0
1997
4
1997
11
8
11
12
4
15
7
8
11
0
11
10
11
13
0
12
13
12
10
13
10
4
1997
1997
15
1997
7
11
12
0
12
7
0
11
15
14
4
0
9
12
10
0
13
4
4
12
13
1997
1997
4
0
13
0
13
12
9
13
14
1997
15
4
6
0
0
4
4
0
12
4
0
0
10
9
4
10
12
7
4
14
15
14
11
1997
4
13
14
9
12
4
9
13
8
5
10
0
16
10
11
13
1997
1997
13
11
9
16
11
0
1997
13
8
9
13
5
10
5
4
10
4
13
12
1997
3
0
13
12
14
16
8
14
11
13
11
5
4
1997
10
6
11
4
10
0
10
4
4
8
10
14
7
16
14
15
1997
1997
1997
4
13
0
6
6
1997
14
13
0
11
4
13
11
14
4
