383
383
1
0
2
1
2
3
3
0
2
0
3
4
4
4
0
16
6
3
868
5
868
3
5
3
8
0
2
5
5
6
6
0
6
6
8
0
0
958
2
958
958
7
16
3
2
16
2
0
0
6
1
5
5
5
5
1
7
8
0
3
4
0
7
16
4
0
0
0
5
5
16
6
7
6
16
6
7
8
7
10
16
0
6
958
16
6
16
7
16
9
6
10
7
5
6
16
16
5
975
0
4
3
975
16
7
11
1
16
6
11
8
5
7
16
16
0
16
16
16
0
9
975
4
10
8
0
8
8
5
10
12
16
8
6
10
975
0
7
4
16
16
0
11
12
975
5
16
7
5
8
4
975
11
0
975
3
16
8
6
16
975
975
16
6
975
975
16
0
9
0
5
5
8
10
7
981
9
0
9
8
8
5
981
9
9
10
981
12
9
6
6
4
981
10
981
6
7
8
6
11
981
7
7
5
12
8
11
3
12
7
12
7
981
13
8
7
7
9
8
11
981
0
8
7
7
3
998
8
8
0
11
3
7
8
0
8
7
6
6
7
7
998
6
6
0
9
11
7
9
7
10
5
7
6
8
0
7
10
0
9
10
10
7
11
2
8
11
9
7
8
998
0
8
7
998
13
0
7
7
7
11
9
7
8
0
11
11
14
5
7
998
7
10
14
7
11
10
0
998
998
9
10
10
998
11
8
8
0
10
0
8
6
10
7
13
0
11
998
9
7
0
0
998
11
11
0
13
998
7
6
10
11
7
998
10
7
7
0
13
7
9
4
7
10
8
6
7
7
11
10
6
998
7
10
998
8
10
7
7
