1
1438
3
1
4
3
3
0
4
41
4
5
0
4
1969
0
0
5
1969
4
12
3
1969
4
3
3
12
5
12
0
0
5
12
12
1969
5
12
12
0
12
1969
1969
5
12
12
4
4
2
1994
1994
1994
1994
12
12
5
1994
6
12
12
6
0
4
3
6
12
4
5
0
7
6
12
1994
1994
5
0
0
7
0
4
12
12
7
7
6
8
6
0
3
6
1994
3
12
1994
4
12
8
5
7
6
7
1996
8
12
6
7
6
0
0
8
7
1
1996
1996
9
6
0
4
6
0
0
0
6
0
12
1996
7
7
7
1996
1996
6
5
0
0
7
1996
9
1996
12
0
1996
0
12
4
8
1996
12
0
7
0
5
3
10
6
9
12
0
1996
12
12
1996
7
10
8
9
1996
1996
8
9
8
6
6
8
6
7
9
12
3
12
6
8
9
12
7
1996
0
12
12
12
0
6
0
11
1996
11
6
1996
0
9
6
1996
0
8
10
0
6
10
5
10
6
12
0
9
6
12
0
8
1997
6
11
12
6
0
1997
11
0
9
6
12
0
12
6
10
1997
10
8
0
7
8
10
0
8
0
9
0
0
3
1997
7
12
7
11
7
12
1997
1997
12
1997
0
0
8
7
1997
7
1997
1997
10
5
1997
10
7
12
1997
1997
0
11
0
6
10
1997
12
5
9
9
11
4
8
12
4
9
8
6
0
1997
8
12
12
8
1997
12
8
0
12
10
0
5
9
1997
0
12
6
6
6
8
7
12
0
12
8
8
12
10
8
5
1
8
7
9
9
1997
1997
10
12
9
4
0
12
5
11
1997
9
5
8
8
6
12
11
1997
8
6
10
8
5
12
6
6
11
0
12
7
0
1997
9
6
6
1997
0
8
1997
1997
5
10
8
6
11
11
6
8
6
7
10
6
0
9
3
10
0
9
0
6
8
9
0
1997
6
10
0
10
4
6
10
9
0
8
10
8
4
11
6
6
9
6
6
11
6
8
7
6
4
9
10
10
8
7
0
7
0
1997
8
9
10
7
6
1997
5
7
8
5
10
7
7
0
10
0
0
14
0
8
0
9
8
1997
6
10
7
8
8
0
6
6
7
6
0
6
11
0
6
8
1997
6
0
6
6
0
6
1997
11
8
9
6
8
6
6
6
8
9
7
10
9
9
6
7
0
7
1997
6
6
6
0
8
11
2
6
8
11
6
0
1997
1997
7
0
7
10
1997
0
13
8
7
13
13
1997
1997
5
1997
11
11
7
